15:44:52 INFO Configuration:
name: search/kcolor/5
seed: 1

log_level: info
report_interval: 10
eval_interval: 50
save_interval: 50

# pretraining section
data_shuffle: True

latent_size: 16
pretrain_vgae:
  num_epochs: 20
  out_name: vgae_mixed_all_v1.pth
  batch_size: 16

data_path: data/mixed
train_sets:
  - name: '1comp'
    samples: 8000
    max_tries: 5
    max_flips: 200
    iterations: 10000

eval_set:
  name: '2comp'
  samples: 2400
  max_tries: 25
  max_flips: 300

mlp_arch:
  hidden_sizes: [32]
  activation: ReLU

model_path: results/

gnn_hidden_size: 32
gnn_iter: 2
# readout_hidden_size: 64

cycles: 1
optimizer: RMSprop
lr: 0.0005
lr_milestones: [200, 500, 1000, 5000]
lr_decay: 0.5

method: reinforce_augmented
discount: 0.25
walk_prob: 0.5

15:44:52 INFO Device: cpu
15:44:56 INFO Loaded 7200 training problems from data/mixed
15:44:56 INFO Loaded 2400 evaluation problems from data/mixed
15:46:30 INFO [Train Loss]: Total: 6393.2164
15:46:42 INFO [Eval Loss]: Total: 4237.2436
15:46:42 INFO Epoch 1/20, Train Loss: 6393.2164, Eval Loss: 4237.2436
15:48:14 INFO [Train Loss]: Total: 6203.1118
15:48:26 INFO [Eval Loss]: Total: 4211.7138
15:48:26 INFO Epoch 2/20, Train Loss: 6203.1118, Eval Loss: 4211.7138
15:49:57 INFO [Train Loss]: Total: 6161.6567
15:50:09 INFO [Eval Loss]: Total: 4201.6768
15:50:09 INFO Epoch 3/20, Train Loss: 6161.6567, Eval Loss: 4201.6768
15:51:40 INFO [Train Loss]: Total: 6110.8407
15:51:53 INFO [Eval Loss]: Total: 4143.6387
15:51:53 INFO Epoch 4/20, Train Loss: 6110.8407, Eval Loss: 4143.6387
15:53:24 INFO [Train Loss]: Total: 6007.8811
15:53:36 INFO [Eval Loss]: Total: 4109.2725
15:53:36 INFO Epoch 5/20, Train Loss: 6007.8811, Eval Loss: 4109.2725
15:55:13 INFO [Train Loss]: Total: 5924.1843
15:55:26 INFO [Eval Loss]: Total: 4055.4612
15:55:26 INFO Epoch 6/20, Train Loss: 5924.1843, Eval Loss: 4055.4612
