14:14:44 INFO Configuration:
name: search/mixed/1
seed: 1

log_level: info
report_interval: 10
eval_interval: 50
save_interval: 50
eval_multi: True

data_path: data/mixed
data_shuffle: True
train_sets:
  - name: "1"
    samples: 2000
    max_tries: 5
    max_flips: 200
    iterations: 10000

eval_set:
  name: "2"
  samples: 25
  max_tries: 25
  max_flips: 300

model_path: False
load_with_noise: False

gnn_hidden_size: 32
gnn_iter: 2
gnn_async: False
readout_hidden_size: 64

mlp_arch:
  hidden_sizes: [32]
  activation: ReLU

cycles: 1
optimizer: RMSprop
lr: 0.0005
lr_milestones: [200, 500, 1000, 5000]
lr_decay: 0.5

method: reinforce
discount: 0.25
walk_prob: 0.5

14:14:44 INFO Device: cpu
14:14:46 INFO Loaded 1800 training problems from data/mixed
14:14:46 INFO Loaded 25 evaluation problems from data/mixed
1:14:46 INFO Cycle: 1
14:14:46 INFO Train set: 1
14:18:57 INFO (Eval)    Acc:      32.00,  Flips:     300.00 (med) /     227.71 (mean) /     285.72 (max)
14:18:57 INFO Saving best model parameters
14:19:03 INFO Iter:     10,  Acc:      70.00,  Flips:     121.00 (med) /     100.10 (mean) /     147.30 (max)
14:19:10 INFO Iter:     20,  Acc:      60.00,  Flips:      61.50 (med) /     108.64 (mean) /     176.40 (max)
14:19:17 INFO Iter:     30,  Acc:      30.00,  Flips:     200.00 (med) /     136.98 (mean) /     181.40 (max)
14:19:21 INFO Iter:     40,  Acc:      60.00,  Flips:      30.50 (med) /      86.66 (mean) /     118.60 (max)
14:19:26 INFO Iter:     50,  Acc:      90.00,  Flips:      66.50 (med) /      86.46 (mean) /     139.30 (max)
14:19:26 INFO Saving last model parameters
14:19:26 INFO Saving stats
14:23:17 INFO (Eval)    Acc:      32.00,  Flips:     300.00 (med) /     216.19 (mean) /     284.48 (max)
14:23:17 INFO Saving best model parameters
14:23:24 INFO Iter:     60,  Acc:      50.00,  Flips:     181.50 (med) /     121.34 (mean) /     167.80 (max)
14:23:29 INFO Iter:     70,  Acc:      80.00,  Flips:      66.50 (med) /      77.38 (mean) /     127.10 (max)
14:23:34 INFO Iter:     80,  Acc:      80.00,  Flips:      67.00 (med) /      94.50 (mean) /     150.70 (max)
14:23:39 INFO Iter:     90,  Acc:      70.00,  Flips:      89.50 (med) /      94.34 (mean) /     147.90 (max)
14:23:44 INFO Iter:    100,  Acc:      50.00,  Flips:     178.00 (med) /     100.96 (mean) /     155.30 (max)
14:23:44 INFO Saving last model parameters
14:23:44 INFO Saving stats
14:27:23 INFO (Eval)    Acc:      32.00,  Flips:     300.00 (med) /     217.24 (mean) /     285.40 (max)
14:27:29 INFO Iter:    110,  Acc:      70.00,  Flips:     121.00 (med) /     106.64 (mean) /     160.40 (max)
14:27:34 INFO Iter:    120,  Acc:      70.00,  Flips:     105.00 (med) /      92.80 (mean) /     124.00 (max)
14:27:40 INFO Iter:    130,  Acc:      60.00,  Flips:     147.00 (med) /     109.86 (mean) /     150.90 (max)
14:27:46 INFO Iter:    140,  Acc:      60.00,  Flips:     159.00 (med) /     117.70 (mean) /     157.80 (max)
14:27:51 INFO Iter:    150,  Acc:      70.00,  Flips:     102.50 (med) /      98.62 (mean) /     145.60 (max)
14:27:51 INFO Saving last model parameters
14:27:51 INFO Saving stats
14:31:35 INFO (Eval)    Acc:      32.00,  Flips:     300.00 (med) /     221.70 (mean) /     282.76 (max)
14:31:40 INFO Iter:    160,  Acc:      90.00,  Flips:      91.00 (med) /      93.02 (mean) /     138.10 (max)
14:31:43 INFO Iter:    170,  Acc:      90.00,  Flips:      19.50 (med) /      51.62 (mean) /      97.40 (max)
14:31:48 INFO Iter:    180,  Acc:      60.00,  Flips:      98.00 (med) /     100.14 (mean) /     134.30 (max)
14:31:54 INFO Iter:    190,  Acc:      50.00,  Flips:     162.00 (med) /     112.30 (mean) /     147.60 (max)
14:31:58 INFO Iter:    200,  Acc:      90.00,  Flips:      45.50 (med) /      81.04 (mean) /     117.90 (max)
14:31:58 INFO Saving last model parameters
14:31:58 INFO Saving stats
14:35:37 INFO (Eval)    Acc:      32.00,  Flips:     300.00 (med) /     220.84 (mean) /     284.00 (max)
14:35:44 INFO Iter:    210,  Acc:      40.00,  Flips:     200.00 (med) /     132.10 (mean) /     173.20 (max)
14:35:50 INFO Iter:    220,  Acc:      60.00,  Flips:     157.50 (med) /     121.36 (mean) /     165.80 (max)
14:35:55 INFO Iter:    230,  Acc:      90.00,  Flips:      96.50 (med) /      86.22 (mean) /     123.20 (max)
14:36:01 INFO Iter:    240,  Acc:      70.00,  Flips:     128.50 (med) /     110.58 (mean) /     141.10 (max)
14:36:05 INFO Iter:    250,  Acc:      80.00,  Flips:      48.00 (med) /      78.78 (mean) /     127.00 (max)
14:36:05 INFO Saving last model parameters
14:36:05 INFO Saving stats
14:39:41 INFO (Eval)    Acc:      32.00,  Flips:     300.00 (med) /     221.70 (mean) /     284.16 (max)
14:39:46 INFO Iter:    260,  Acc:      60.00,  Flips:      86.50 (med) /      92.66 (mean) /     131.60 (max)
14:39:50 INFO Iter:    270,  Acc:      90.00,  Flips:      58.50 (med) /      70.30 (mean) /     131.60 (max)
14:39:54 INFO Iter:    280,  Acc:      70.00,  Flips:      61.50 (med) /      91.02 (mean) /     116.30 (max)
14:39:59 INFO Iter:    290,  Acc:      50.00,  Flips:     162.50 (med) /     100.52 (mean) /     143.80 (max)
14:40:05 INFO Iter:    300,  Acc:      70.00,  Flips:     118.50 (med) /     113.92 (mean) /     163.20 (max)
14:40:05 INFO Saving last model parameters
14:40:05 INFO Saving stats
14:43:44 INFO (Eval)    Acc:      32.00,  Flips:     300.00 (med) /     216.95 (mean) /     273.60 (max)
14:43:49 INFO Iter:    310,  Acc:      60.00,  Flips:      88.00 (med) /      95.56 (mean) /     134.90 (max)
14:43:55 INFO Iter:    320,  Acc:      70.00,  Flips:     146.50 (med) /     108.80 (mean) /     157.90 (max)
14:43:59 INFO Iter:    330,  Acc:      70.00,  Flips:      40.50 (med) /      87.98 (mean) /     122.60 (max)
14:44:05 INFO Iter:    340,  Acc:      80.00,  Flips:     112.00 (med) /      96.66 (mean) /     151.60 (max)
14:44:10 INFO Iter:    350,  Acc:      60.00,  Flips:     115.50 (med) /     101.98 (mean) /     131.70 (max)
14:44:10 INFO Saving last model parameters
14:44:10 INFO Saving stats
14:47:47 INFO (Eval)    Acc:      32.00,  Flips:     300.00 (med) /     222.71 (mean) /     271.96 (max)
14:47:52 INFO Iter:    360,  Acc:      80.00,  Flips:      87.50 (med) /      91.42 (mean) /     127.80 (max)
14:47:57 INFO Iter:    370,  Acc:      80.00,  Flips:      89.00 (med) /      91.50 (mean) /     151.80 (max)
14:48:03 INFO Iter:    380,  Acc:      70.00,  Flips:     109.50 (med) /     118.30 (mean) /     174.60 (max)
14:48:11 INFO Iter:    390,  Acc:      60.00,  Flips:     197.00 (med) /     141.04 (mean) /     193.70 (max)
14:48:17 INFO Iter:    400,  Acc:      80.00,  Flips:     138.00 (med) /     111.32 (mean) /     169.70 (max)
14:48:17 INFO Saving last model parameters
14:48:17 INFO Saving stats
14:51:51 INFO (Eval)    Acc:      32.00,  Flips:     300.00 (med) /     215.90 (mean) /     269.64 (max)
14:51:51 INFO Saving best model parameters
14:51:55 INFO Iter:    410,  Acc:      90.00,  Flips:      47.50 (med) /      63.98 (mean) /     119.50 (max)
14:52:00 INFO Iter:    420,  Acc:      70.00,  Flips:      79.50 (med) /      86.12 (mean) /     123.20 (max)
14:52:04 INFO Iter:    430,  Acc:     100.00,  Flips:      41.00 (med) /      70.68 (mean) /     117.90 (max)
14:52:09 INFO Iter:    440,  Acc:      90.00,  Flips:     102.00 (med) /      87.84 (mean) /     160.50 (max)
14:52:17 INFO Iter:    450,  Acc:      80.00,  Flips:     137.00 (med) /     125.30 (mean) /     178.30 (max)
14:52:17 INFO Saving last model parameters
14:52:17 INFO Saving stats
14:55:59 INFO (Eval)    Acc:      32.00,  Flips:     300.00 (med) /     211.10 (mean) /     270.04 (max)
14:56:04 INFO Iter:    460,  Acc:     100.00,  Flips:      51.00 (med) /      73.44 (mean) /     112.70 (max)
14:56:09 INFO Iter:    470,  Acc:      80.00,  Flips:     100.00 (med) /      95.16 (mean) /     141.60 (max)
14:56:12 INFO Iter:    480,  Acc:     100.00,  Flips:      32.00 (med) /      51.28 (mean) /      90.60 (max)
14:56:18 INFO Iter:    490,  Acc:      60.00,  Flips:      97.50 (med) /     102.54 (mean) /     140.40 (max)
14:56:24 INFO Iter:    500,  Acc:      70.00,  Flips:     133.50 (med) /     115.02 (mean) /     165.90 (max)
14:56:24 INFO Saving last model parameters
14:56:24 INFO Saving stats
15:00:16 INFO (Eval)    Acc:      32.00,  Flips:     300.00 (med) /     211.56 (mean) /     259.36 (max)
15:00:16 INFO Saving best model parameters
15:00:23 INFO Iter:    510,  Acc:      70.00,  Flips:      98.00 (med) /     116.40 (mean) /     149.30 (max)
15:00:28 INFO Iter:    520,  Acc:      50.00,  Flips:     181.00 (med) /     107.30 (mean) /     139.60 (max)
15:00:36 INFO Iter:    530,  Acc:      80.00,  Flips:     115.50 (med) /     112.04 (mean) /     155.40 (max)
15:00:42 INFO Iter:    540,  Acc:      60.00,  Flips:      96.50 (med) /      93.36 (mean) /     118.10 (max)
15:00:48 INFO Iter:    550,  Acc:      80.00,  Flips:      67.00 (med) /      87.82 (mean) /     133.70 (max)
15:00:48 INFO Saving last model parameters
15:00:48 INFO Saving stats
15:04:35 INFO (Eval)    Acc:      40.00,  Flips:     300.00 (med) /     207.08 (mean) /     269.48 (max)
15:04:40 INFO Iter:    560,  Acc:      80.00,  Flips:      57.00 (med) /      90.20 (mean) /     130.60 (max)
15:04:44 INFO Iter:    570,  Acc:      90.00,  Flips:      38.00 (med) /      63.92 (mean) /     119.90 (max)
15:04:51 INFO Iter:    580,  Acc:      50.00,  Flips:     182.00 (med) /     132.02 (mean) /     167.60 (max)
15:04:56 INFO Iter:    590,  Acc:      80.00,  Flips:      60.00 (med) /      82.16 (mean) /     123.60 (max)
15:05:00 INFO Iter:    600,  Acc:      90.00,  Flips:      48.50 (med) /      67.40 (mean) /     114.80 (max)
15:05:00 INFO Saving last model parameters
15:05:00 INFO Saving stats
15:08:31 INFO (Eval)    Acc:      48.00,  Flips:     300.00 (med) /     203.05 (mean) /     269.44 (max)
15:08:36 INFO Iter:    610,  Acc:      70.00,  Flips:      58.50 (med) /      88.94 (mean) /     126.40 (max)
15:08:41 INFO Iter:    620,  Acc:      70.00,  Flips:      70.50 (med) /      83.40 (mean) /     127.20 (max)
15:08:44 INFO Iter:    630,  Acc:      90.00,  Flips:      17.00 (med) /      58.40 (mean) /     101.30 (max)
15:08:48 INFO Iter:    640,  Acc:      60.00,  Flips:      63.50 (med) /      91.28 (mean) /     115.60 (max)
15:08:51 INFO Iter:    650,  Acc:      80.00,  Flips:      35.50 (med) /      55.80 (mean) /      96.30 (max)
15:08:51 INFO Saving last model parameters
15:08:51 INFO Saving stats
15:12:26 INFO (Eval)    Acc:      48.00,  Flips:     300.00 (med) /     205.75 (mean) /     264.12 (max)
15:12:30 INFO Iter:    660,  Acc:      90.00,  Flips:      41.50 (med) /      61.18 (mean) /     105.50 (max)
15:12:35 INFO Iter:    670,  Acc:      80.00,  Flips:      68.50 (med) /      84.62 (mean) /     137.20 (max)
15:12:39 INFO Iter:    680,  Acc:      80.00,  Flips:      64.50 (med) /      75.16 (mean) /     115.90 (max)
15:12:43 INFO Iter:    690,  Acc:      80.00,  Flips:      44.00 (med) /      71.44 (mean) /     123.10 (max)
15:12:46 INFO Iter:    700,  Acc:      80.00,  Flips:      17.50 (med) /      49.78 (mean) /      77.30 (max)
15:12:46 INFO Saving last model parameters
15:12:46 INFO Saving stats
15:16:15 INFO (Eval)    Acc:      60.00,  Flips:     230.00 (med) /     191.69 (mean) /     262.48 (max)
15:16:20 INFO Iter:    710,  Acc:      70.00,  Flips:      44.00 (med) /      94.54 (mean) /     135.70 (max)
15:16:24 INFO Iter:    720,  Acc:      80.00,  Flips:      78.50 (med) /      79.44 (mean) /     129.30 (max)
15:16:30 INFO Iter:    730,  Acc:      70.00,  Flips:     108.00 (med) /     120.14 (mean) /     180.60 (max)
15:16:35 INFO Iter:    740,  Acc:      70.00,  Flips:      67.00 (med) /      89.40 (mean) /     127.20 (max)
15:16:38 INFO Iter:    750,  Acc:      80.00,  Flips:      10.50 (med) /      58.34 (mean) /      82.60 (max)
15:16:38 INFO Saving last model parameters
15:16:38 INFO Saving stats
15:20:15 INFO (Eval)    Acc:      48.00,  Flips:     300.00 (med) /     201.03 (mean) /     262.96 (max)
15:20:21 INFO Iter:    760,  Acc:      70.00,  Flips:     130.50 (med) /      99.22 (mean) /     147.60 (max)
15:20:25 INFO Iter:    770,  Acc:      60.00,  Flips:      58.50 (med) /      93.54 (mean) /     125.50 (max)
15:20:29 INFO Iter:    780,  Acc:      90.00,  Flips:      37.00 (med) /      62.08 (mean) /     116.60 (max)
15:20:32 INFO Iter:    790,  Acc:      90.00,  Flips:      46.00 (med) /      54.62 (mean) /      95.10 (max)
15:20:36 INFO Iter:    800,  Acc:      80.00,  Flips:      25.50 (med) /      66.26 (mean) /     103.40 (max)
15:20:36 INFO Saving last model parameters
15:20:36 INFO Saving stats
15:24:09 INFO (Eval)    Acc:      52.00,  Flips:     266.00 (med) /     198.22 (mean) /     264.00 (max)
15:24:12 INFO Iter:    810,  Acc:      90.00,  Flips:      37.00 (med) /      53.32 (mean) /      90.20 (max)
15:24:16 INFO Iter:    820,  Acc:      70.00,  Flips:      39.50 (med) /      74.78 (mean) /     105.70 (max)
15:24:19 INFO Iter:    830,  Acc:     100.00,  Flips:      30.00 (med) /      42.02 (mean) /      81.70 (max)
15:24:25 INFO Iter:    840,  Acc:      40.00,  Flips:     200.00 (med) /     108.00 (mean) /     145.70 (max)
15:24:27 INFO Iter:    850,  Acc:     100.00,  Flips:      43.50 (med) /      42.52 (mean) /      77.90 (max)
15:24:27 INFO Saving last model parameters
15:24:27 INFO Saving stats
15:27:55 INFO (Eval)    Acc:      60.00,  Flips:     161.00 (med) /     186.53 (mean) /     259.96 (max)
15:27:59 INFO Iter:    860,  Acc:      70.00,  Flips:      38.50 (med) /      78.92 (mean) /     102.70 (max)
15:28:04 INFO Iter:    870,  Acc:      70.00,  Flips:      61.00 (med) /      96.30 (mean) /     143.00 (max)
15:28:10 INFO Iter:    880,  Acc:      40.00,  Flips:     200.00 (med) /     118.84 (mean) /     173.70 (max)
15:28:14 INFO Iter:    890,  Acc:      80.00,  Flips:      46.00 (med) /      76.06 (mean) /     117.50 (max)
15:28:18 INFO Iter:    900,  Acc:      80.00,  Flips:      24.00 (med) /      61.70 (mean) /      86.30 (max)
15:28:18 INFO Saving last model parameters
15:28:18 INFO Saving stats
15:31:53 INFO (Eval)    Acc:      56.00,  Flips:     199.00 (med) /     190.12 (mean) /     262.68 (max)
15:31:58 INFO Iter:    910,  Acc:      70.00,  Flips:      58.00 (med) /      98.28 (mean) /     150.80 (max)
15:32:01 INFO Iter:    920,  Acc:      90.00,  Flips:      36.50 (med) /      56.78 (mean) /      95.10 (max)
15:32:05 INFO Iter:    930,  Acc:      80.00,  Flips:      18.50 (med) /      59.98 (mean) /      85.50 (max)
15:32:10 INFO Iter:    940,  Acc:      70.00,  Flips:     101.50 (med) /      90.68 (mean) /     116.60 (max)
15:32:13 INFO Iter:    950,  Acc:      70.00,  Flips:      23.50 (med) /      62.14 (mean) /      89.40 (max)
15:32:13 INFO Saving last model parameters
15:32:13 INFO Saving stats
15:35:44 INFO (Eval)    Acc:      60.00,  Flips:     120.00 (med) /     179.92 (mean) /     260.40 (max)
15:35:47 INFO Iter:    960,  Acc:     100.00,  Flips:      31.50 (med) /      44.28 (mean) /      84.10 (max)
15:35:49 INFO Iter:    970,  Acc:      90.00,  Flips:      24.50 (med) /      47.50 (mean) /      86.70 (max)
15:35:56 INFO Iter:    980,  Acc:      50.00,  Flips:     185.50 (med) /     125.40 (mean) /     155.50 (max)
15:36:00 INFO Iter:    990,  Acc:      80.00,  Flips:      33.00 (med) /      78.98 (mean) /     118.00 (max)
15:36:03 INFO Iter:   1000,  Acc:      90.00,  Flips:      32.50 (med) /      47.26 (mean) /      89.70 (max)
15:36:03 INFO Saving last model parameters
15:36:03 INFO Saving stats
15:39:28 INFO (Eval)    Acc:      60.00,  Flips:     123.00 (med) /     174.62 (mean) /     257.92 (max)
15:39:28 INFO Saving best model parameters
15:39:32 INFO Iter:   1010,  Acc:      80.00,  Flips:      26.50 (med) /      58.64 (mean) /      88.70 (max)
15:39:36 INFO Iter:   1020,  Acc:      70.00,  Flips:      46.50 (med) /      82.56 (mean) /     115.50 (max)
15:39:39 INFO Iter:   1030,  Acc:      80.00,  Flips:      25.50 (med) /      59.76 (mean) /      92.30 (max)
15:39:42 INFO Iter:   1040,  Acc:      80.00,  Flips:      19.00 (med) /      61.66 (mean) /      80.90 (max)
15:39:43 INFO Iter:   1050,  Acc:     100.00,  Flips:      11.00 (med) /      18.54 (mean) /      31.60 (max)
15:39:43 INFO Saving last model parameters
15:39:43 INFO Saving stats
15:43:12 INFO (Eval)    Acc:      56.00,  Flips:     107.00 (med) /     169.14 (mean) /     254.68 (max)
15:43:15 INFO Iter:   1060,  Acc:      90.00,  Flips:      20.50 (med) /      46.50 (mean) /      76.10 (max)
15:43:20 INFO Iter:   1070,  Acc:      50.00,  Flips:     136.50 (med) /     110.12 (mean) /     133.70 (max)
15:43:24 INFO Iter:   1080,  Acc:      80.00,  Flips:      27.50 (med) /      60.30 (mean) /      89.50 (max)
15:43:27 INFO Iter:   1090,  Acc:      80.00,  Flips:      25.00 (med) /      63.84 (mean) /      89.60 (max)
15:43:30 INFO Iter:   1100,  Acc:      90.00,  Flips:      24.00 (med) /      53.32 (mean) /      99.50 (max)
15:43:30 INFO Saving last model parameters
15:43:30 INFO Saving stats
15:49:27 INFO (Eval)    Acc:      60.00,  Flips:      94.00 (med) /     166.70 (mean) /     252.08 (max)
15:49:27 INFO Saving best model parameters
15:49:33 INFO Iter:   1110,  Acc:      70.00,  Flips:      50.00 (med) /      87.02 (mean) /     126.60 (max)
15:49:39 INFO Iter:   1120,  Acc:      70.00,  Flips:      32.50 (med) /      83.66 (mean) /     115.40 (max)
15:49:42 INFO Iter:   1130,  Acc:      90.00,  Flips:      34.00 (med) /      52.66 (mean) /      90.40 (max)
15:49:46 INFO Iter:   1140,  Acc:      70.00,  Flips:      35.00 (med) /      78.28 (mean) /     109.60 (max)
15:49:53 INFO Iter:   1150,  Acc:      60.00,  Flips:     124.50 (med) /     109.58 (mean) /     154.10 (max)
15:49:53 INFO Saving last model parameters
15:49:53 INFO Saving stats
15:54:47 INFO (Eval)    Acc:      60.00,  Flips:      79.00 (med) /     162.49 (mean) /     258.28 (max)
15:54:51 INFO Iter:   1160,  Acc:      60.00,  Flips:      24.00 (med) /      84.04 (mean) /      98.30 (max)
15:54:57 INFO Iter:   1170,  Acc:      50.00,  Flips:     124.00 (med) /     107.32 (mean) /     141.40 (max)
15:55:02 INFO Iter:   1180,  Acc:      60.00,  Flips:      83.50 (med) /     103.32 (mean) /     137.90 (max)
15:55:08 INFO Iter:   1190,  Acc:      60.00,  Flips:      54.50 (med) /     100.06 (mean) /     139.30 (max)
15:55:11 INFO Iter:   1200,  Acc:      90.00,  Flips:      25.50 (med) /      54.34 (mean) /      97.00 (max)
15:55:11 INFO Saving last model parameters
15:55:11 INFO Saving stats
15:59:51 INFO (Eval)    Acc:      60.00,  Flips:     103.00 (med) /     167.84 (mean) /     249.64 (max)
15:59:54 INFO Iter:   1210,  Acc:      90.00,  Flips:      17.50 (med) /      42.88 (mean) /      72.00 (max)
15:59:57 INFO Iter:   1220,  Acc:     100.00,  Flips:      35.00 (med) /      48.82 (mean) /      85.60 (max)
15:59:59 INFO Iter:   1230,  Acc:      90.00,  Flips:      14.50 (med) /      43.76 (mean) /      69.00 (max)
16:00:04 INFO Iter:   1240,  Acc:      60.00,  Flips:      45.50 (med) /      88.92 (mean) /     116.30 (max)
16:00:08 INFO Iter:   1250,  Acc:      70.00,  Flips:      34.50 (med) /      78.62 (mean) /     107.40 (max)
16:00:08 INFO Saving last model parameters
16:00:08 INFO Saving stats
16:03:36 INFO (Eval)    Acc:      60.00,  Flips:      87.00 (med) /     160.53 (mean) /     234.04 (max)
16:03:36 INFO Saving best model parameters
16:03:39 INFO Iter:   1260,  Acc:      90.00,  Flips:      16.00 (med) /      47.22 (mean) /      78.80 (max)
16:03:43 INFO Iter:   1270,  Acc:      70.00,  Flips:      20.50 (med) /      66.68 (mean) /      95.50 (max)
16:03:45 INFO Iter:   1280,  Acc:      80.00,  Flips:       4.50 (med) /      49.82 (mean) /      63.30 (max)
16:03:48 INFO Iter:   1290,  Acc:      70.00,  Flips:      16.00 (med) /      55.76 (mean) /      86.80 (max)
16:03:53 INFO Iter:   1300,  Acc:      80.00,  Flips:      34.50 (med) /      84.34 (mean) /     117.00 (max)
16:03:53 INFO Saving last model parameters
16:03:53 INFO Saving stats
16:07:50 INFO (Eval)    Acc:      60.00,  Flips:      99.00 (med) /     160.51 (mean) /     239.52 (max)
16:07:53 INFO Iter:   1310,  Acc:      90.00,  Flips:      26.00 (med) /      53.08 (mean) /      78.60 (max)
16:07:58 INFO Iter:   1320,  Acc:      80.00,  Flips:      36.00 (med) /      69.64 (mean) /      94.80 (max)
16:08:00 INFO Iter:   1330,  Acc:      90.00,  Flips:      17.00 (med) /      35.44 (mean) /      63.40 (max)
16:08:03 INFO Iter:   1340,  Acc:      90.00,  Flips:      24.50 (med) /      57.88 (mean) /      87.80 (max)
16:08:07 INFO Iter:   1350,  Acc:      70.00,  Flips:      30.00 (med) /      67.00 (mean) /      88.10 (max)
16:08:07 INFO Saving last model parameters
16:08:07 INFO Saving stats
16:12:43 INFO (Eval)    Acc:      60.00,  Flips:      77.00 (med) /     162.39 (mean) /     240.60 (max)
16:12:47 INFO Iter:   1360,  Acc:      70.00,  Flips:      33.50 (med) /      72.52 (mean) /     105.90 (max)
16:12:50 INFO Iter:   1370,  Acc:      80.00,  Flips:      23.00 (med) /      56.48 (mean) /      85.90 (max)
16:12:54 INFO Iter:   1380,  Acc:      70.00,  Flips:      42.50 (med) /      81.06 (mean) /     106.80 (max)
16:12:59 INFO Iter:   1390,  Acc:      70.00,  Flips:      43.00 (med) /      77.72 (mean) /     107.90 (max)
16:13:01 INFO Iter:   1400,  Acc:     100.00,  Flips:      14.00 (med) /      30.28 (mean) /      58.20 (max)
16:13:01 INFO Saving last model parameters
16:13:01 INFO Saving stats
16:16:43 INFO (Eval)    Acc:      60.00,  Flips:      87.00 (med) /     154.69 (mean) /     220.92 (max)
16:16:43 INFO Saving best model parameters
16:16:46 INFO Iter:   1410,  Acc:      90.00,  Flips:      40.00 (med) /      63.48 (mean) /     114.60 (max)
16:16:50 INFO Iter:   1420,  Acc:     100.00,  Flips:      25.00 (med) /      54.56 (mean) /      88.00 (max)
16:16:52 INFO Iter:   1430,  Acc:      90.00,  Flips:      17.50 (med) /      47.20 (mean) /      77.70 (max)
16:16:56 INFO Iter:   1440,  Acc:      90.00,  Flips:      36.00 (med) /      72.06 (mean) /     112.70 (max)
16:17:00 INFO Iter:   1450,  Acc:     100.00,  Flips:      35.00 (med) /      59.90 (mean) /     112.60 (max)
16:17:00 INFO Saving last model parameters
16:17:00 INFO Saving stats
16:20:32 INFO (Eval)    Acc:      60.00,  Flips:      79.00 (med) /     157.51 (mean) /     235.44 (max)
16:20:36 INFO Iter:   1460,  Acc:      80.00,  Flips:      27.00 (med) /      75.90 (mean) /     113.00 (max)
16:20:39 INFO Iter:   1470,  Acc:      70.00,  Flips:      31.00 (med) /      71.74 (mean) /      91.20 (max)
16:20:41 INFO Iter:   1480,  Acc:     100.00,  Flips:      19.00 (med) /      34.80 (mean) /      68.40 (max)
16:20:44 INFO Iter:   1490,  Acc:      90.00,  Flips:      28.00 (med) /      55.30 (mean) /      85.30 (max)
16:20:47 INFO Iter:   1500,  Acc:     100.00,  Flips:      16.50 (med) /      33.36 (mean) /      69.90 (max)
16:20:47 INFO Saving last model parameters
16:20:47 INFO Saving stats
16:24:27 INFO (Eval)    Acc:      60.00,  Flips:      74.00 (med) /     151.48 (mean) /     225.36 (max)
16:24:30 INFO Iter:   1510,  Acc:      70.00,  Flips:      17.50 (med) /      62.60 (mean) /      80.80 (max)
16:24:34 INFO Iter:   1520,  Acc:      80.00,  Flips:      56.50 (med) /      71.26 (mean) /     118.20 (max)
16:24:37 INFO Iter:   1530,  Acc:      70.00,  Flips:      26.00 (med) /      68.84 (mean) /     106.90 (max)
16:24:39 INFO Iter:   1540,  Acc:      90.00,  Flips:      20.50 (med) /      44.74 (mean) /      66.90 (max)
16:24:42 INFO Iter:   1550,  Acc:      80.00,  Flips:      22.00 (med) /      52.66 (mean) /      89.60 (max)
16:24:42 INFO Saving last model parameters
16:24:42 INFO Saving stats
16:35:01 INFO (Eval)    Acc:      60.00,  Flips:      81.00 (med) /     157.11 (mean) /     238.40 (max)
16:35:06 INFO Iter:   1560,  Acc:      70.00,  Flips:      86.00 (med) /      85.52 (mean) /     133.60 (max)
16:35:11 INFO Iter:   1570,  Acc:      80.00,  Flips:      77.00 (med) /     100.46 (mean) /     150.70 (max)
16:35:16 INFO Iter:   1580,  Acc:      80.00,  Flips:      33.00 (med) /      76.52 (mean) /     111.90 (max)
16:35:18 INFO Iter:   1590,  Acc:      90.00,  Flips:      17.50 (med) /      45.92 (mean) /      67.20 (max)
16:35:22 INFO Iter:   1600,  Acc:      80.00,  Flips:      36.50 (med) /      74.36 (mean) /     111.60 (max)
16:35:22 INFO Saving last model parameters
16:35:22 INFO Saving stats
16:39:34 INFO (Eval)    Acc:      60.00,  Flips:     101.00 (med) /     159.18 (mean) /     239.40 (max)
16:39:39 INFO Iter:   1610,  Acc:      80.00,  Flips:      72.50 (med) /      87.20 (mean) /     119.10 (max)
16:39:41 INFO Iter:   1620,  Acc:      80.00,  Flips:      19.50 (med) /      47.28 (mean) /      64.80 (max)
16:39:44 INFO Iter:   1630,  Acc:      80.00,  Flips:      27.00 (med) /      59.96 (mean) /      86.20 (max)
16:39:46 INFO Iter:   1640,  Acc:     100.00,  Flips:      17.50 (med) /      26.56 (mean) /      60.10 (max)
16:39:49 INFO Iter:   1650,  Acc:      70.00,  Flips:      34.50 (med) /      75.60 (mean) /     101.00 (max)
16:39:49 INFO Saving last model parameters
16:39:49 INFO Saving stats
16:44:20 INFO (Eval)    Acc:      60.00,  Flips:      97.00 (med) /     159.86 (mean) /     242.92 (max)
16:44:23 INFO Iter:   1660,  Acc:      80.00,  Flips:      20.50 (med) /      61.78 (mean) /      87.10 (max)
16:44:27 INFO Iter:   1670,  Acc:      80.00,  Flips:      23.00 (med) /      68.20 (mean) /     101.60 (max)
16:44:28 INFO Iter:   1680,  Acc:     100.00,  Flips:       9.00 (med) /      18.64 (mean) /      37.40 (max)
16:44:32 INFO Iter:   1690,  Acc:      90.00,  Flips:      66.50 (med) /      69.20 (mean) /     110.20 (max)
16:44:37 INFO Iter:   1700,  Acc:      70.00,  Flips:     119.00 (med) /      92.78 (mean) /     124.60 (max)
16:44:37 INFO Saving last model parameters
16:44:37 INFO Saving stats
16:48:12 INFO (Eval)    Acc:      60.00,  Flips:      97.00 (med) /     154.05 (mean) /     229.12 (max)
16:48:14 INFO Iter:   1710,  Acc:      90.00,  Flips:      16.50 (med) /      42.44 (mean) /      69.50 (max)
16:48:16 INFO Iter:   1720,  Acc:      90.00,  Flips:      18.50 (med) /      39.58 (mean) /      55.50 (max)
16:48:20 INFO Iter:   1730,  Acc:      80.00,  Flips:      53.00 (med) /      81.18 (mean) /     126.20 (max)
16:48:24 INFO Iter:   1740,  Acc:      70.00,  Flips:      33.00 (med) /      77.74 (mean) /     107.90 (max)
16:48:27 INFO Iter:   1750,  Acc:      80.00,  Flips:      26.00 (med) /      59.62 (mean) /      81.50 (max)
16:48:27 INFO Saving last model parameters
16:48:27 INFO Saving stats
16:52:01 INFO (Eval)    Acc:      60.00,  Flips:      60.00 (med) /     152.23 (mean) /     219.12 (max)
16:52:01 INFO Saving best model parameters
16:52:04 INFO Iter:   1760,  Acc:      80.00,  Flips:      21.50 (med) /      58.20 (mean) /      76.80 (max)
16:52:06 INFO Iter:   1770,  Acc:      90.00,  Flips:      15.50 (med) /      31.12 (mean) /      47.90 (max)
16:52:10 INFO Iter:   1780,  Acc:      70.00,  Flips:      51.50 (med) /      86.98 (mean) /     125.80 (max)
16:52:13 INFO Iter:   1790,  Acc:      90.00,  Flips:      21.00 (med) /      44.84 (mean) /      77.00 (max)
16:52:17 INFO Iter:   1800,  Acc:      80.00,  Flips:      45.50 (med) /      78.40 (mean) /     110.20 (max)
16:52:17 INFO Saving last model parameters
16:52:17 INFO Saving stats
16:56:17 INFO (Eval)    Acc:      60.00,  Flips:      59.00 (med) /     148.52 (mean) /     217.44 (max)
16:56:17 INFO Saving best model parameters
16:56:19 INFO Iter:   1810,  Acc:     100.00,  Flips:      20.50 (med) /      31.40 (mean) /      51.50 (max)
16:56:23 INFO Iter:   1820,  Acc:      80.00,  Flips:      30.00 (med) /      75.76 (mean) /     102.00 (max)
16:56:27 INFO Iter:   1830,  Acc:      80.00,  Flips:      53.00 (med) /      88.56 (mean) /     131.60 (max)
16:56:28 INFO Iter:   1840,  Acc:     100.00,  Flips:      13.50 (med) /      18.10 (mean) /      41.40 (max)
16:56:31 INFO Iter:   1850,  Acc:     100.00,  Flips:      19.00 (med) /      48.36 (mean) /      81.40 (max)
16:56:31 INFO Saving last model parameters
16:56:31 INFO Saving stats
17:00:22 INFO (Eval)    Acc:      60.00,  Flips:      61.00 (med) /     143.55 (mean) /     205.68 (max)
17:00:25 INFO Iter:   1860,  Acc:      90.00,  Flips:      18.00 (med) /      47.22 (mean) /      80.60 (max)
17:00:27 INFO Iter:   1870,  Acc:     100.00,  Flips:      19.00 (med) /      33.78 (mean) /      53.60 (max)
17:00:29 INFO Iter:   1880,  Acc:     100.00,  Flips:      26.50 (med) /      46.82 (mean) /      82.60 (max)
17:00:32 INFO Iter:   1890,  Acc:      90.00,  Flips:      23.00 (med) /      45.54 (mean) /      68.80 (max)
17:00:35 INFO Iter:   1900,  Acc:      90.00,  Flips:      32.50 (med) /      60.68 (mean) /     103.90 (max)
17:00:35 INFO Saving last model parameters
17:00:35 INFO Saving stats
17:04:27 INFO (Eval)    Acc:      60.00,  Flips:      65.00 (med) /     150.25 (mean) /     223.00 (max)
17:04:30 INFO Iter:   1910,  Acc:      90.00,  Flips:      18.50 (med) /      56.44 (mean) /      90.30 (max)
17:04:35 INFO Iter:   1920,  Acc:     100.00,  Flips:      68.50 (med) /      79.02 (mean) /     130.80 (max)
17:04:38 INFO Iter:   1930,  Acc:      80.00,  Flips:      24.00 (med) /      58.18 (mean) /      87.10 (max)
17:04:40 INFO Iter:   1940,  Acc:     100.00,  Flips:      15.50 (med) /      50.70 (mean) /      81.60 (max)
17:04:43 INFO Iter:   1950,  Acc:      90.00,  Flips:      19.50 (med) /      44.68 (mean) /      77.80 (max)
17:04:43 INFO Saving last model parameters
17:04:43 INFO Saving stats
17:08:13 INFO (Eval)    Acc:      60.00,  Flips:      64.00 (med) /     152.64 (mean) /     216.08 (max)
17:08:17 INFO Iter:   1960,  Acc:      90.00,  Flips:      85.00 (med) /      82.32 (mean) /     114.70 (max)
17:08:19 INFO Iter:   1970,  Acc:     100.00,  Flips:      17.50 (med) /      43.84 (mean) /      76.70 (max)
17:08:23 INFO Iter:   1980,  Acc:      70.00,  Flips:      14.50 (med) /      67.92 (mean) /      94.80 (max)
17:08:26 INFO Iter:   1990,  Acc:      80.00,  Flips:      18.00 (med) /      48.64 (mean) /      73.10 (max)
17:08:27 INFO Iter:   2000,  Acc:      90.00,  Flips:      15.50 (med) /      36.80 (mean) /      63.40 (max)
17:08:27 INFO Saving last model parameters
17:08:27 INFO Saving stats
17:12:25 INFO (Eval)    Acc:      60.00,  Flips:      62.00 (med) /     150.27 (mean) /     213.96 (max)
17:12:30 INFO Iter:   2010,  Acc:      90.00,  Flips:      80.50 (med) /      88.46 (mean) /     150.70 (max)
17:12:33 INFO Iter:   2020,  Acc:      80.00,  Flips:      19.50 (med) /      66.92 (mean) /     101.10 (max)
17:12:35 INFO Iter:   2030,  Acc:      90.00,  Flips:      19.50 (med) /      42.42 (mean) /      76.30 (max)
17:12:37 INFO Iter:   2040,  Acc:     100.00,  Flips:      13.00 (med) /      39.02 (mean) /      69.20 (max)
17:12:40 INFO Iter:   2050,  Acc:      80.00,  Flips:      20.50 (med) /      45.98 (mean) /      76.50 (max)
17:12:40 INFO Saving last model parameters
17:12:40 INFO Saving stats
17:16:39 INFO (Eval)    Acc:      60.00,  Flips:      56.00 (med) /     147.60 (mean) /     217.32 (max)
17:16:39 INFO Saving best model parameters
17:16:42 INFO Iter:   2060,  Acc:      90.00,  Flips:      17.50 (med) /      50.84 (mean) /      78.40 (max)
17:16:44 INFO Iter:   2070,  Acc:      90.00,  Flips:      21.50 (med) /      41.18 (mean) /      69.50 (max)
17:16:47 INFO Iter:   2080,  Acc:      90.00,  Flips:      27.50 (med) /      63.06 (mean) /      97.30 (max)
17:16:50 INFO Iter:   2090,  Acc:      80.00,  Flips:      20.00 (med) /      47.40 (mean) /      70.80 (max)
17:16:52 INFO Iter:   2100,  Acc:      90.00,  Flips:      21.50 (med) /      39.04 (mean) /      60.00 (max)
17:16:52 INFO Saving last model parameters
17:16:52 INFO Saving stats
17:20:56 INFO (Eval)    Acc:      60.00,  Flips:      57.00 (med) /     143.72 (mean) /     198.52 (max)
17:20:59 INFO Iter:   2110,  Acc:     100.00,  Flips:      19.50 (med) /      44.04 (mean) /      73.80 (max)
17:21:02 INFO Iter:   2120,  Acc:     100.00,  Flips:      18.50 (med) /      35.04 (mean) /      67.10 (max)
17:21:04 INFO Iter:   2130,  Acc:      90.00,  Flips:      10.00 (med) /      43.78 (mean) /      66.70 (max)
17:21:08 INFO Iter:   2140,  Acc:     100.00,  Flips:      28.50 (med) /      58.26 (mean) /     108.20 (max)
17:21:10 INFO Iter:   2150,  Acc:      80.00,  Flips:      20.00 (med) /      56.40 (mean) /      72.60 (max)
17:21:10 INFO Saving last model parameters
17:21:10 INFO Saving stats
17:25:08 INFO (Eval)    Acc:      60.00,  Flips:      70.00 (med) /     148.80 (mean) /     212.36 (max)
17:25:11 INFO Iter:   2160,  Acc:      70.00,  Flips:      19.00 (med) /      65.08 (mean) /      81.20 (max)
17:25:14 INFO Iter:   2170,  Acc:      90.00,  Flips:      26.50 (med) /      54.48 (mean) /      84.00 (max)
17:25:17 INFO Iter:   2180,  Acc:      80.00,  Flips:      31.00 (med) /      69.00 (mean) /     113.10 (max)
17:25:21 INFO Iter:   2190,  Acc:      90.00,  Flips:      22.50 (med) /      60.88 (mean) /      85.80 (max)
17:25:24 INFO Iter:   2200,  Acc:     100.00,  Flips:      64.00 (med) /      64.78 (mean) /     128.40 (max)
17:25:24 INFO Saving last model parameters
17:25:24 INFO Saving stats
17:28:54 INFO (Eval)    Acc:      60.00,  Flips:      71.00 (med) /     141.87 (mean) /     207.32 (max)
17:28:56 INFO Iter:   2210,  Acc:     100.00,  Flips:      15.00 (med) /      39.14 (mean) /      79.30 (max)
17:28:58 INFO Iter:   2220,  Acc:      90.00,  Flips:      14.00 (med) /      37.32 (mean) /      61.20 (max)
17:28:59 INFO Iter:   2230,  Acc:     100.00,  Flips:      14.50 (med) /      19.82 (mean) /      44.30 (max)
17:29:02 INFO Iter:   2240,  Acc:      90.00,  Flips:      24.50 (med) /      61.26 (mean) /      89.50 (max)
17:29:06 INFO Iter:   2250,  Acc:     100.00,  Flips:      19.50 (med) /      60.16 (mean) /     102.00 (max)
17:29:06 INFO Saving last model parameters
17:29:06 INFO Saving stats
17:32:37 INFO (Eval)    Acc:      60.00,  Flips:      59.00 (med) /     143.81 (mean) /     219.52 (max)
17:32:38 INFO Iter:   2260,  Acc:      90.00,  Flips:      15.50 (med) /      29.82 (mean) /      50.20 (max)
17:32:41 INFO Iter:   2270,  Acc:     100.00,  Flips:      19.50 (med) /      52.50 (mean) /      93.60 (max)
17:32:42 INFO Iter:   2280,  Acc:     100.00,  Flips:      12.50 (med) /      19.84 (mean) /      54.30 (max)
17:32:45 INFO Iter:   2290,  Acc:      80.00,  Flips:      21.50 (med) /      61.30 (mean) /      93.80 (max)
17:32:49 INFO Iter:   2300,  Acc:     100.00,  Flips:      39.00 (med) /      62.50 (mean) /     131.30 (max)
17:32:49 INFO Saving last model parameters
17:32:49 INFO Saving stats
17:36:08 INFO (Eval)    Acc:      60.00,  Flips:      55.00 (med) /     139.46 (mean) /     210.88 (max)
17:36:08 INFO Saving best model parameters
17:36:11 INFO Iter:   2310,  Acc:     100.00,  Flips:      37.50 (med) /      56.80 (mean) /     102.00 (max)
17:36:14 INFO Iter:   2320,  Acc:     100.00,  Flips:      23.00 (med) /      49.40 (mean) /      86.90 (max)
17:36:17 INFO Iter:   2330,  Acc:      90.00,  Flips:      25.00 (med) /      50.26 (mean) /      88.30 (max)
17:36:19 INFO Iter:   2340,  Acc:     100.00,  Flips:      29.50 (med) /      49.16 (mean) /      98.30 (max)
17:36:21 INFO Iter:   2350,  Acc:      90.00,  Flips:      17.50 (med) /      43.16 (mean) /      71.20 (max)
17:36:21 INFO Saving last model parameters
17:36:21 INFO Saving stats
17:39:32 INFO (Eval)    Acc:      60.00,  Flips:      77.00 (med) /     134.92 (mean) /     210.52 (max)
17:39:34 INFO Iter:   2360,  Acc:     100.00,  Flips:      26.00 (med) /      34.82 (mean) /      59.20 (max)
17:39:35 INFO Iter:   2370,  Acc:     100.00,  Flips:      17.50 (med) /      22.68 (mean) /      47.90 (max)
17:39:38 INFO Iter:   2380,  Acc:      90.00,  Flips:      27.00 (med) /      53.80 (mean) /      98.30 (max)
17:39:40 INFO Iter:   2390,  Acc:     100.00,  Flips:      25.00 (med) /      35.06 (mean) /      74.40 (max)
17:39:42 INFO Iter:   2400,  Acc:     100.00,  Flips:      13.50 (med) /      33.58 (mean) /      66.40 (max)
17:39:42 INFO Saving last model parameters
17:39:42 INFO Saving stats
17:42:54 INFO (Eval)    Acc:      68.00,  Flips:      94.00 (med) /     134.04 (mean) /     226.20 (max)
17:42:56 INFO Iter:   2410,  Acc:     100.00,  Flips:      19.50 (med) /      37.12 (mean) /      68.70 (max)
17:42:58 INFO Iter:   2420,  Acc:     100.00,  Flips:      16.50 (med) /      26.76 (mean) /      54.70 (max)
17:42:59 INFO Iter:   2430,  Acc:     100.00,  Flips:      11.00 (med) /      28.64 (mean) /      63.80 (max)
17:43:01 INFO Iter:   2440,  Acc:     100.00,  Flips:      13.50 (med) /      26.98 (mean) /      60.20 (max)
17:43:02 INFO Iter:   2450,  Acc:     100.00,  Flips:       8.50 (med) /      21.40 (mean) /      37.90 (max)
17:43:02 INFO Saving last model parameters
17:43:02 INFO Saving stats
17:46:12 INFO (Eval)    Acc:      72.00,  Flips:      58.00 (med) /     127.95 (mean) /     204.88 (max)
17:46:14 INFO Iter:   2460,  Acc:     100.00,  Flips:      17.00 (med) /      28.02 (mean) /      55.30 (max)
17:46:16 INFO Iter:   2470,  Acc:     100.00,  Flips:      18.00 (med) /      29.88 (mean) /      59.60 (max)
17:46:18 INFO Iter:   2480,  Acc:     100.00,  Flips:      12.50 (med) /      35.36 (mean) /      65.20 (max)
17:46:20 INFO Iter:   2490,  Acc:     100.00,  Flips:      18.50 (med) /      29.28 (mean) /      65.90 (max)
17:46:21 INFO Iter:   2500,  Acc:     100.00,  Flips:      10.50 (med) /      16.14 (mean) /      35.80 (max)
17:46:21 INFO Saving last model parameters
17:46:21 INFO Saving stats
17:49:23 INFO (Eval)    Acc:      76.00,  Flips:      46.00 (med) /     117.04 (mean) /     198.64 (max)
17:49:23 INFO Saving best model parameters
17:49:25 INFO Iter:   2510,  Acc:     100.00,  Flips:      22.50 (med) /      35.60 (mean) /      90.10 (max)
17:49:27 INFO Iter:   2520,  Acc:     100.00,  Flips:      14.50 (med) /      31.00 (mean) /      66.00 (max)
17:49:29 INFO Iter:   2530,  Acc:     100.00,  Flips:      22.50 (med) /      32.78 (mean) /      67.20 (max)
17:49:31 INFO Iter:   2540,  Acc:     100.00,  Flips:      16.00 (med) /      25.02 (mean) /      62.10 (max)
17:49:32 INFO Iter:   2550,  Acc:     100.00,  Flips:       6.50 (med) /      24.00 (mean) /      46.30 (max)
17:49:32 INFO Saving last model parameters
17:49:32 INFO Saving stats
17:52:41 INFO (Eval)    Acc:      72.00,  Flips:      47.00 (med) /     121.51 (mean) /     199.48 (max)
17:52:42 INFO Iter:   2560,  Acc:     100.00,  Flips:      14.50 (med) /      23.44 (mean) /      41.50 (max)
17:52:44 INFO Iter:   2570,  Acc:     100.00,  Flips:      20.50 (med) /      25.80 (mean) /      51.80 (max)
17:52:45 INFO Iter:   2580,  Acc:     100.00,  Flips:      12.00 (med) /      18.88 (mean) /      44.10 (max)
17:52:46 INFO Iter:   2590,  Acc:     100.00,  Flips:      14.50 (med) /      19.38 (mean) /      43.20 (max)
17:52:47 INFO Iter:   2600,  Acc:     100.00,  Flips:      17.50 (med) /      19.42 (mean) /      31.70 (max)
17:52:47 INFO Saving last model parameters
17:52:47 INFO Saving stats
17:56:15 INFO (Eval)    Acc:      76.00,  Flips:      50.00 (med) /     120.02 (mean) /     195.24 (max)
17:56:17 INFO Iter:   2610,  Acc:     100.00,  Flips:      17.00 (med) /      25.56 (mean) /      49.20 (max)
17:56:18 INFO Iter:   2620,  Acc:     100.00,  Flips:      15.50 (med) /      23.72 (mean) /      46.40 (max)
17:56:19 INFO Iter:   2630,  Acc:     100.00,  Flips:      15.50 (med) /      13.86 (mean) /      24.20 (max)
17:56:21 INFO Iter:   2640,  Acc:     100.00,  Flips:      23.00 (med) /      31.18 (mean) /      55.50 (max)
17:56:22 INFO Iter:   2650,  Acc:     100.00,  Flips:       9.50 (med) /      15.10 (mean) /      34.50 (max)
17:56:22 INFO Saving last model parameters
17:56:22 INFO Saving stats
17:59:52 INFO (Eval)    Acc:      64.00,  Flips:      51.00 (med) /     129.82 (mean) /     211.04 (max)
17:59:54 INFO Iter:   2660,  Acc:     100.00,  Flips:      13.50 (med) /      23.86 (mean) /      53.00 (max)
17:59:55 INFO Iter:   2670,  Acc:     100.00,  Flips:      17.00 (med) /      32.04 (mean) /      63.40 (max)
17:59:58 INFO Iter:   2680,  Acc:     100.00,  Flips:      22.00 (med) /      34.08 (mean) /      73.00 (max)
17:59:59 INFO Iter:   2690,  Acc:     100.00,  Flips:      25.50 (med) /      27.38 (mean) /      61.90 (max)
18:00:01 INFO Iter:   2700,  Acc:     100.00,  Flips:      11.50 (med) /      19.94 (mean) /      35.30 (max)
18:00:01 INFO Saving last model parameters
18:00:01 INFO Saving stats
18:03:34 INFO (Eval)    Acc:      64.00,  Flips:      51.00 (med) /     127.60 (mean) /     205.52 (max)
18:03:36 INFO Iter:   2710,  Acc:     100.00,  Flips:      19.00 (med) /      28.80 (mean) /      57.20 (max)
18:03:37 INFO Iter:   2720,  Acc:     100.00,  Flips:      12.50 (med) /      17.24 (mean) /      40.90 (max)
18:03:39 INFO Iter:   2730,  Acc:     100.00,  Flips:      14.00 (med) /      20.18 (mean) /      46.00 (max)
18:03:40 INFO Iter:   2740,  Acc:     100.00,  Flips:      17.00 (med) /      22.18 (mean) /      40.80 (max)
18:03:41 INFO Iter:   2750,  Acc:     100.00,  Flips:      13.00 (med) /      17.90 (mean) /      34.60 (max)
18:03:41 INFO Saving last model parameters
18:03:41 INFO Saving stats
18:06:59 INFO (Eval)    Acc:      76.00,  Flips:      50.00 (med) /     115.48 (mean) /     198.84 (max)
18:07:00 INFO Iter:   2760,  Acc:     100.00,  Flips:      13.00 (med) /      16.56 (mean) /      34.00 (max)
18:07:01 INFO Iter:   2770,  Acc:     100.00,  Flips:      11.00 (med) /      14.64 (mean) /      28.20 (max)
18:07:03 INFO Iter:   2780,  Acc:     100.00,  Flips:      18.00 (med) /      25.66 (mean) /      49.30 (max)
18:07:04 INFO Iter:   2790,  Acc:     100.00,  Flips:      19.00 (med) /      22.60 (mean) /      44.00 (max)
18:07:06 INFO Iter:   2800,  Acc:     100.00,  Flips:      14.50 (med) /      19.90 (mean) /      35.60 (max)
18:07:06 INFO Saving last model parameters
18:07:06 INFO Saving stats
18:10:18 INFO (Eval)    Acc:      80.00,  Flips:      56.00 (med) /     115.20 (mean) /     195.36 (max)
18:10:19 INFO Iter:   2810,  Acc:     100.00,  Flips:      16.00 (med) /      18.52 (mean) /      34.20 (max)
18:10:20 INFO Iter:   2820,  Acc:     100.00,  Flips:      10.50 (med) /      20.28 (mean) /      46.80 (max)
18:10:22 INFO Iter:   2830,  Acc:     100.00,  Flips:      15.00 (med) /      25.98 (mean) /      49.60 (max)
18:10:23 INFO Iter:   2840,  Acc:     100.00,  Flips:      11.50 (med) /      27.92 (mean) /      56.20 (max)
18:10:24 INFO Iter:   2850,  Acc:     100.00,  Flips:       7.50 (med) /      10.64 (mean) /      22.60 (max)
18:10:24 INFO Saving last model parameters
18:10:24 INFO Saving stats
18:13:37 INFO (Eval)    Acc:      76.00,  Flips:      45.00 (med) /     117.15 (mean) /     197.60 (max)
18:13:38 INFO Iter:   2860,  Acc:     100.00,  Flips:      10.00 (med) /      15.50 (mean) /      30.70 (max)
18:13:39 INFO Iter:   2870,  Acc:     100.00,  Flips:      21.50 (med) /      27.66 (mean) /      60.20 (max)
18:13:41 INFO Iter:   2880,  Acc:     100.00,  Flips:      13.50 (med) /      19.28 (mean) /      43.00 (max)
18:13:42 INFO Iter:   2890,  Acc:     100.00,  Flips:      11.50 (med) /      22.00 (mean) /      52.80 (max)
18:13:43 INFO Iter:   2900,  Acc:     100.00,  Flips:      12.50 (med) /      13.82 (mean) /      29.60 (max)
18:13:43 INFO Saving last model parameters
18:13:43 INFO Saving stats
18:18:13 INFO (Eval)    Acc:      80.00,  Flips:      46.00 (med) /     110.03 (mean) /     194.40 (max)
18:18:13 INFO Saving best model parameters
18:18:16 INFO Iter:   2910,  Acc:     100.00,  Flips:      19.50 (med) /      22.38 (mean) /      43.20 (max)
18:18:17 INFO Iter:   2920,  Acc:     100.00,  Flips:      11.00 (med) /      18.12 (mean) /      42.20 (max)
18:18:18 INFO Iter:   2930,  Acc:     100.00,  Flips:      13.00 (med) /      19.10 (mean) /      39.10 (max)
18:18:20 INFO Iter:   2940,  Acc:     100.00,  Flips:      17.50 (med) /      26.14 (mean) /      49.10 (max)
18:18:21 INFO Iter:   2950,  Acc:     100.00,  Flips:      19.00 (med) /      24.88 (mean) /      46.40 (max)
18:18:21 INFO Saving last model parameters
18:18:21 INFO Saving stats
18:21:51 INFO (Eval)    Acc:      84.00,  Flips:      42.00 (med) /     106.02 (mean) /     189.92 (max)
18:21:51 INFO Saving best model parameters
18:21:53 INFO Iter:   2960,  Acc:     100.00,  Flips:      10.50 (med) /      18.44 (mean) /      37.90 (max)
18:21:54 INFO Iter:   2970,  Acc:     100.00,  Flips:      14.00 (med) /      28.14 (mean) /      57.60 (max)
18:21:56 INFO Iter:   2980,  Acc:     100.00,  Flips:      16.00 (med) /      24.90 (mean) /      56.30 (max)
18:21:58 INFO Iter:   2990,  Acc:     100.00,  Flips:      22.00 (med) /      26.12 (mean) /      51.20 (max)
18:21:59 INFO Iter:   3000,  Acc:     100.00,  Flips:      11.00 (med) /      11.92 (mean) /      19.40 (max)
18:21:59 INFO Saving last model parameters
18:21:59 INFO Saving stats
18:26:08 INFO (Eval)    Acc:      84.00,  Flips:      58.00 (med) /     101.99 (mean) /     203.72 (max)
18:26:09 INFO Iter:   3010,  Acc:     100.00,  Flips:       8.50 (med) /      13.84 (mean) /      23.80 (max)
18:26:11 INFO Iter:   3020,  Acc:     100.00,  Flips:      15.00 (med) /      21.46 (mean) /      46.00 (max)
18:26:12 INFO Iter:   3030,  Acc:     100.00,  Flips:       8.00 (med) /      14.24 (mean) /      33.80 (max)
18:26:13 INFO Iter:   3040,  Acc:     100.00,  Flips:      15.50 (med) /      29.68 (mean) /      64.20 (max)
18:26:15 INFO Iter:   3050,  Acc:     100.00,  Flips:      16.50 (med) /      23.76 (mean) /      46.10 (max)
18:26:15 INFO Saving last model parameters
18:26:15 INFO Saving stats
18:29:59 INFO (Eval)    Acc:      84.00,  Flips:      47.00 (med) /      97.93 (mean) /     195.40 (max)
18:30:00 INFO Iter:   3060,  Acc:     100.00,  Flips:      11.50 (med) /      13.14 (mean) /      25.70 (max)
18:30:02 INFO Iter:   3070,  Acc:     100.00,  Flips:      18.00 (med) /      28.36 (mean) /      57.30 (max)
18:30:02 INFO Iter:   3080,  Acc:     100.00,  Flips:       8.50 (med) /      13.62 (mean) /      31.90 (max)
18:30:04 INFO Iter:   3090,  Acc:     100.00,  Flips:      16.00 (med) /      26.46 (mean) /      64.00 (max)
18:30:06 INFO Iter:   3100,  Acc:     100.00,  Flips:      29.00 (med) /      34.26 (mean) /      65.10 (max)
18:30:06 INFO Saving last model parameters
18:30:06 INFO Saving stats
18:33:45 INFO (Eval)    Acc:      88.00,  Flips:      47.00 (med) /      97.25 (mean) /     192.80 (max)
18:33:47 INFO Iter:   3110,  Acc:     100.00,  Flips:      15.50 (med) /      20.36 (mean) /      42.70 (max)
18:33:49 INFO Iter:   3120,  Acc:     100.00,  Flips:      14.00 (med) /      34.02 (mean) /      60.90 (max)
18:33:50 INFO Iter:   3130,  Acc:     100.00,  Flips:      11.50 (med) /      17.04 (mean) /      36.10 (max)
18:33:51 INFO Iter:   3140,  Acc:     100.00,  Flips:      17.50 (med) /      24.80 (mean) /      49.90 (max)
18:33:53 INFO Iter:   3150,  Acc:     100.00,  Flips:      14.00 (med) /      20.60 (mean) /      47.10 (max)
18:33:53 INFO Saving last model parameters
18:33:53 INFO Saving stats
18:37:20 INFO (Eval)    Acc:      92.00,  Flips:      40.00 (med) /      85.68 (mean) /     188.00 (max)
18:37:20 INFO Saving best model parameters
18:37:23 INFO Iter:   3160,  Acc:     100.00,  Flips:      26.00 (med) /      51.74 (mean) /     100.90 (max)
18:37:24 INFO Iter:   3170,  Acc:     100.00,  Flips:       7.50 (med) /      23.34 (mean) /      47.00 (max)
18:37:26 INFO Iter:   3180,  Acc:     100.00,  Flips:      15.50 (med) /      25.66 (mean) /      58.50 (max)
18:37:28 INFO Iter:   3190,  Acc:     100.00,  Flips:      12.00 (med) /      26.08 (mean) /      52.40 (max)
18:37:29 INFO Iter:   3200,  Acc:     100.00,  Flips:       8.00 (med) /      10.24 (mean) /      19.70 (max)
18:37:29 INFO Saving last model parameters
18:37:29 INFO Saving stats
18:41:01 INFO (Eval)    Acc:      96.00,  Flips:      46.00 (med) /      88.91 (mean) /     200.40 (max)
18:41:02 INFO Iter:   3210,  Acc:     100.00,  Flips:      13.00 (med) /      21.16 (mean) /      51.00 (max)
18:41:04 INFO Iter:   3220,  Acc:     100.00,  Flips:      12.50 (med) /      23.66 (mean) /      49.00 (max)
18:41:05 INFO Iter:   3230,  Acc:     100.00,  Flips:      10.50 (med) /      21.02 (mean) /      39.60 (max)
18:41:07 INFO Iter:   3240,  Acc:     100.00,  Flips:      18.50 (med) /      30.94 (mean) /      64.00 (max)
18:41:08 INFO Iter:   3250,  Acc:     100.00,  Flips:      17.00 (med) /      18.70 (mean) /      38.80 (max)
18:41:08 INFO Saving last model parameters
18:41:08 INFO Saving stats
18:44:53 INFO (Eval)    Acc:      92.00,  Flips:      41.00 (med) /      80.39 (mean) /     197.48 (max)
18:44:54 INFO Iter:   3260,  Acc:     100.00,  Flips:      15.00 (med) /      17.98 (mean) /      36.20 (max)
18:44:55 INFO Iter:   3270,  Acc:     100.00,  Flips:      10.00 (med) /      19.18 (mean) /      48.90 (max)
18:44:56 INFO Iter:   3280,  Acc:     100.00,  Flips:      15.50 (med) /      17.46 (mean) /      34.80 (max)
18:44:58 INFO Iter:   3290,  Acc:     100.00,  Flips:      13.50 (med) /      18.16 (mean) /      34.10 (max)
18:44:59 INFO Iter:   3300,  Acc:     100.00,  Flips:       7.50 (med) /      16.54 (mean) /      29.70 (max)
18:44:59 INFO Saving last model parameters
18:44:59 INFO Saving stats
18:48:26 INFO (Eval)    Acc:      96.00,  Flips:      52.00 (med) /      80.12 (mean) /     198.48 (max)
18:48:27 INFO Iter:   3310,  Acc:     100.00,  Flips:       9.50 (med) /      18.68 (mean) /      35.20 (max)
18:48:28 INFO Iter:   3320,  Acc:     100.00,  Flips:      16.00 (med) /      20.60 (mean) /      37.50 (max)
18:48:29 INFO Iter:   3330,  Acc:     100.00,  Flips:      14.00 (med) /      19.38 (mean) /      35.80 (max)
18:48:30 INFO Iter:   3340,  Acc:     100.00,  Flips:      11.00 (med) /      17.52 (mean) /      36.40 (max)
18:48:32 INFO Iter:   3350,  Acc:     100.00,  Flips:      13.50 (med) /      18.50 (mean) /      42.50 (max)
18:48:32 INFO Saving last model parameters
18:48:32 INFO Saving stats
18:52:31 INFO (Eval)    Acc:     100.00,  Flips:      34.00 (med) /      78.42 (mean) /     182.08 (max)
18:52:31 INFO Saving best model parameters
18:52:33 INFO Iter:   3360,  Acc:     100.00,  Flips:      14.00 (med) /      23.32 (mean) /      54.00 (max)
18:52:34 INFO Iter:   3370,  Acc:     100.00,  Flips:      14.50 (med) /      26.00 (mean) /      58.40 (max)
18:52:36 INFO Iter:   3380,  Acc:     100.00,  Flips:      18.50 (med) /      31.18 (mean) /      75.70 (max)
18:52:37 INFO Iter:   3390,  Acc:     100.00,  Flips:       8.00 (med) /      15.40 (mean) /      33.50 (max)
18:52:39 INFO Iter:   3400,  Acc:     100.00,  Flips:      17.00 (med) /      23.82 (mean) /      47.70 (max)
18:52:39 INFO Saving last model parameters
18:52:39 INFO Saving stats
18:56:25 INFO (Eval)    Acc:      96.00,  Flips:      41.00 (med) /      79.05 (mean) /     178.32 (max)
18:56:27 INFO Iter:   3410,  Acc:     100.00,  Flips:      13.00 (med) /      29.48 (mean) /      69.10 (max)
18:56:28 INFO Iter:   3420,  Acc:     100.00,  Flips:      12.00 (med) /      17.00 (mean) /      38.40 (max)
18:56:29 INFO Iter:   3430,  Acc:     100.00,  Flips:      13.00 (med) /      18.80 (mean) /      39.10 (max)
18:56:30 INFO Iter:   3440,  Acc:     100.00,  Flips:      10.50 (med) /      13.88 (mean) /      27.90 (max)
18:56:32 INFO Iter:   3450,  Acc:     100.00,  Flips:      11.00 (med) /      22.38 (mean) /      47.00 (max)
18:56:32 INFO Saving last model parameters
18:56:32 INFO Saving stats
18:59:29 INFO (Eval)    Acc:      96.00,  Flips:      40.00 (med) /      73.41 (mean) /     174.36 (max)
18:59:30 INFO Iter:   3460,  Acc:     100.00,  Flips:      12.50 (med) /      19.46 (mean) /      42.30 (max)
18:59:31 INFO Iter:   3470,  Acc:     100.00,  Flips:       9.50 (med) /      15.28 (mean) /      36.40 (max)
18:59:32 INFO Iter:   3480,  Acc:     100.00,  Flips:       6.00 (med) /      11.36 (mean) /      20.30 (max)
18:59:33 INFO Iter:   3490,  Acc:     100.00,  Flips:      19.50 (med) /      22.78 (mean) /      45.00 (max)
18:59:35 INFO Iter:   3500,  Acc:     100.00,  Flips:      19.00 (med) /      26.96 (mean) /      58.40 (max)
18:59:35 INFO Saving last model parameters
18:59:35 INFO Saving stats
19:03:06 INFO (Eval)    Acc:     100.00,  Flips:      38.00 (med) /      68.45 (mean) /     168.56 (max)
19:03:08 INFO Iter:   3510,  Acc:     100.00,  Flips:      11.50 (med) /      15.98 (mean) /      37.50 (max)
19:03:09 INFO Iter:   3520,  Acc:     100.00,  Flips:      13.00 (med) /      22.84 (mean) /      54.80 (max)
19:03:10 INFO Iter:   3530,  Acc:     100.00,  Flips:      13.50 (med) /      23.96 (mean) /      58.40 (max)
19:03:13 INFO Iter:   3540,  Acc:     100.00,  Flips:      15.00 (med) /      27.80 (mean) /      50.80 (max)
19:03:14 INFO Iter:   3550,  Acc:     100.00,  Flips:      12.50 (med) /      18.98 (mean) /      35.90 (max)
19:03:14 INFO Saving last model parameters
19:03:14 INFO Saving stats
19:06:45 INFO (Eval)    Acc:     100.00,  Flips:      49.00 (med) /      71.88 (mean) /     185.64 (max)
19:06:47 INFO Iter:   3560,  Acc:     100.00,  Flips:      12.00 (med) /      19.18 (mean) /      39.70 (max)
19:06:48 INFO Iter:   3570,  Acc:     100.00,  Flips:      15.50 (med) /      17.44 (mean) /      33.40 (max)
19:06:50 INFO Iter:   3580,  Acc:     100.00,  Flips:      17.50 (med) /      34.78 (mean) /      81.20 (max)
19:06:51 INFO Iter:   3590,  Acc:     100.00,  Flips:      12.50 (med) /      20.66 (mean) /      43.60 (max)
19:06:52 INFO Iter:   3600,  Acc:     100.00,  Flips:      12.00 (med) /      19.60 (mean) /      40.10 (max)
19:06:52 INFO Saving last model parameters
19:06:52 INFO Saving stats
19:10:29 INFO (Eval)    Acc:     100.00,  Flips:      41.00 (med) /      67.90 (mean) /     181.08 (max)
19:10:30 INFO Iter:   3610,  Acc:     100.00,  Flips:      15.00 (med) /      19.12 (mean) /      35.30 (max)
19:10:31 INFO Iter:   3620,  Acc:     100.00,  Flips:      16.50 (med) /      24.24 (mean) /      53.50 (max)
19:10:33 INFO Iter:   3630,  Acc:     100.00,  Flips:      14.50 (med) /      28.24 (mean) /      65.00 (max)
19:10:34 INFO Iter:   3640,  Acc:     100.00,  Flips:       9.50 (med) /      13.12 (mean) /      28.40 (max)
19:10:35 INFO Iter:   3650,  Acc:     100.00,  Flips:      11.50 (med) /      14.42 (mean) /      30.30 (max)
19:10:35 INFO Saving last model parameters
19:10:35 INFO Saving stats
19:14:09 INFO (Eval)    Acc:      92.00,  Flips:      44.00 (med) /      78.93 (mean) /     179.28 (max)
19:14:10 INFO Iter:   3660,  Acc:     100.00,  Flips:      15.00 (med) /      18.02 (mean) /      30.50 (max)
19:14:11 INFO Iter:   3670,  Acc:     100.00,  Flips:      12.00 (med) /      15.98 (mean) /      30.00 (max)
19:14:12 INFO Iter:   3680,  Acc:     100.00,  Flips:      14.00 (med) /      22.58 (mean) /      48.00 (max)
19:14:13 INFO Iter:   3690,  Acc:     100.00,  Flips:      12.50 (med) /      17.56 (mean) /      39.90 (max)
19:14:15 INFO Iter:   3700,  Acc:     100.00,  Flips:      16.50 (med) /      26.80 (mean) /      61.70 (max)
19:14:15 INFO Saving last model parameters
19:14:15 INFO Saving stats
19:17:45 INFO (Eval)    Acc:      96.00,  Flips:      44.00 (med) /      78.66 (mean) /     185.52 (max)
19:17:46 INFO Iter:   3710,  Acc:     100.00,  Flips:      11.50 (med) /      16.60 (mean) /      32.00 (max)
19:17:48 INFO Iter:   3720,  Acc:     100.00,  Flips:      25.00 (med) /      32.90 (mean) /      68.80 (max)
19:17:49 INFO Iter:   3730,  Acc:     100.00,  Flips:      12.00 (med) /      20.08 (mean) /      38.70 (max)
19:17:50 INFO Iter:   3740,  Acc:     100.00,  Flips:      11.00 (med) /      14.60 (mean) /      30.90 (max)
19:17:51 INFO Iter:   3750,  Acc:     100.00,  Flips:      12.50 (med) /      17.26 (mean) /      34.40 (max)
19:17:51 INFO Saving last model parameters
19:17:51 INFO Saving stats
19:21:05 INFO (Eval)    Acc:      96.00,  Flips:      42.00 (med) /      79.20 (mean) /     186.84 (max)
19:21:06 INFO Iter:   3760,  Acc:     100.00,  Flips:      11.00 (med) /      19.16 (mean) /      45.30 (max)
19:21:07 INFO Iter:   3770,  Acc:     100.00,  Flips:       8.50 (med) /      10.52 (mean) /      18.80 (max)
19:21:08 INFO Iter:   3780,  Acc:     100.00,  Flips:       8.00 (med) /      21.66 (mean) /      51.40 (max)
19:21:09 INFO Iter:   3790,  Acc:     100.00,  Flips:      14.00 (med) /      16.06 (mean) /      28.20 (max)
19:21:10 INFO Iter:   3800,  Acc:     100.00,  Flips:      12.50 (med) /      21.62 (mean) /      37.90 (max)
19:21:10 INFO Saving last model parameters
19:21:10 INFO Saving stats
19:24:15 INFO (Eval)    Acc:     100.00,  Flips:      38.00 (med) /      62.80 (mean) /     164.60 (max)
19:24:17 INFO Iter:   3810,  Acc:     100.00,  Flips:      16.00 (med) /      25.72 (mean) /      52.00 (max)
19:24:19 INFO Iter:   3820,  Acc:     100.00,  Flips:      13.50 (med) /      28.08 (mean) /      53.50 (max)
19:24:20 INFO Iter:   3830,  Acc:     100.00,  Flips:      17.00 (med) /      21.56 (mean) /      49.20 (max)
19:24:22 INFO Iter:   3840,  Acc:     100.00,  Flips:      14.50 (med) /      18.20 (mean) /      34.50 (max)
19:24:23 INFO Iter:   3850,  Acc:     100.00,  Flips:      12.50 (med) /      18.08 (mean) /      35.80 (max)
19:24:23 INFO Saving last model parameters
19:24:23 INFO Saving stats
19:27:25 INFO (Eval)    Acc:     100.00,  Flips:      44.00 (med) /      69.47 (mean) /     177.96 (max)
19:27:26 INFO Iter:   3860,  Acc:     100.00,  Flips:      10.00 (med) /      14.84 (mean) /      27.50 (max)
19:27:27 INFO Iter:   3870,  Acc:     100.00,  Flips:       9.50 (med) /      19.80 (mean) /      36.30 (max)
19:27:29 INFO Iter:   3880,  Acc:     100.00,  Flips:      17.00 (med) /      19.82 (mean) /      45.00 (max)
19:27:30 INFO Iter:   3890,  Acc:     100.00,  Flips:      14.50 (med) /      17.16 (mean) /      36.90 (max)
19:27:31 INFO Iter:   3900,  Acc:     100.00,  Flips:      15.00 (med) /      22.38 (mean) /      44.40 (max)
19:27:31 INFO Saving last model parameters
19:27:31 INFO Saving stats
19:30:35 INFO (Eval)    Acc:     100.00,  Flips:      36.00 (med) /      69.26 (mean) /     166.88 (max)
19:30:37 INFO Iter:   3910,  Acc:     100.00,  Flips:      17.00 (med) /      22.18 (mean) /      56.20 (max)
19:30:37 INFO Iter:   3920,  Acc:     100.00,  Flips:      12.00 (med) /      13.26 (mean) /      23.50 (max)
19:30:38 INFO Iter:   3930,  Acc:     100.00,  Flips:      12.50 (med) /      14.80 (mean) /      28.50 (max)
19:30:39 INFO Iter:   3940,  Acc:     100.00,  Flips:      14.00 (med) /      16.74 (mean) /      30.90 (max)
19:30:41 INFO Iter:   3950,  Acc:     100.00,  Flips:      14.50 (med) /      22.94 (mean) /      54.90 (max)
19:30:41 INFO Saving last model parameters
19:30:41 INFO Saving stats
19:34:30 INFO (Eval)    Acc:     100.00,  Flips:      33.00 (med) /      49.56 (mean) /     154.36 (max)
19:34:30 INFO Saving best model parameters
19:34:32 INFO Iter:   3960,  Acc:     100.00,  Flips:      13.00 (med) /      20.86 (mean) /      39.70 (max)
19:34:33 INFO Iter:   3970,  Acc:     100.00,  Flips:      13.00 (med) /      19.76 (mean) /      45.80 (max)
19:34:35 INFO Iter:   3980,  Acc:     100.00,  Flips:      23.00 (med) /      24.84 (mean) /      46.10 (max)
19:34:36 INFO Iter:   3990,  Acc:     100.00,  Flips:      14.00 (med) /      22.46 (mean) /      42.00 (max)
19:34:38 INFO Iter:   4000,  Acc:     100.00,  Flips:      16.50 (med) /      25.12 (mean) /      50.60 (max)
19:34:38 INFO Saving last model parameters
19:34:38 INFO Saving stats
